Performing C SOURCE FILE Test HAVE_POSIX_SPAWN failed with the following output:
Change Dir: /goinfre/beddinao/emscripten-ready/smoke-simulation/assets/SDL3/build/CMakeFiles/CMakeTmp

Run Build Command(s):/usr/bin/gmake -f Makefile cmTC_45ab5/fast && /usr/bin/gmake  -f CMakeFiles/cmTC_45ab5.dir/build.make CMakeFiles/cmTC_45ab5.dir/build
gmake[1]: Entering directory '/goinfre/beddinao/emscripten-ready/smoke-simulation/assets/SDL3/build/CMakeFiles/CMakeTmp'
Building C object CMakeFiles/cmTC_45ab5.dir/src.c.o
/goinfre/beddinao/emscripten-ready/emsdk/upstream/emscripten/emcc -DHAVE_POSIX_SPAWN  -D_GNU_SOURCE=1 -MD -MT CMakeFiles/cmTC_45ab5.dir/src.c.o -MF CMakeFiles/cmTC_45ab5.dir/src.c.o.d -o CMakeFiles/cmTC_45ab5.dir/src.c.o -c /goinfre/beddinao/emscripten-ready/smoke-simulation/assets/SDL3/build/CMakeFiles/CMakeTmp/src.c
Linking C executable cmTC_45ab5.js
/usr/bin/cmake -E cmake_link_script CMakeFiles/cmTC_45ab5.dir/link.txt --verbose=1
/goinfre/beddinao/emscripten-ready/emsdk/upstream/emscripten/emcc   -D_GNU_SOURCE=1 @CMakeFiles/cmTC_45ab5.dir/objects1.rsp -o cmTC_45ab5.js 
wasm-ld: error: CMakeFiles/cmTC_45ab5.dir/src.c.o: undefined symbol: posix_spawnp
emcc: error: '/goinfre/beddinao/emscripten-ready/emsdk/upstream/bin/wasm-ld -o cmTC_45ab5.wasm CMakeFiles/cmTC_45ab5.dir/src.c.o -L/goinfre/beddinao/emscripten-ready/emsdk/upstream/emscripten/cache/sysroot/lib/wasm32-emscripten -L/goinfre/beddinao/emscripten-ready/emsdk/upstream/emscripten/src/lib -lGL-getprocaddr -lal -lhtml5 -lstubs-debug -lnoexit -lc-debug -ldlmalloc-debug -lcompiler_rt -lc++-debug-noexcept -lc++abi-debug-noexcept -lsockets -mllvm -combiner-global-alias-analysis=false -mllvm -enable-emscripten-sjlj -mllvm -disable-lsr /tmp/tmp_4m_aqrelibemscripten_js_symbols.so --strip-debug --export=emscripten_stack_get_end --export=emscripten_stack_get_free --export=emscripten_stack_get_base --export=emscripten_stack_get_current --export=emscripten_stack_init --export=_emscripten_stack_alloc --export=__wasm_call_ctors --export=_emscripten_stack_restore --export-if-defined=__start_em_asm --export-if-defined=__stop_em_asm --export-if-defined=__start_em_lib_deps --export-if-defined=__stop_em_lib_deps --export-if-defined=__start_em_js --export-if-defined=__stop_em_js --export-if-defined=main --export-if-defined=__main_argc_argv --export-if-defined=fflush --export-table -z stack-size=65536 --no-growable-memory --initial-heap=16777216 --no-entry --stack-first --table-base=1' failed (returned 1)
gmake[1]: *** [CMakeFiles/cmTC_45ab5.dir/build.make:101: cmTC_45ab5.js] Error 1
gmake[1]: Leaving directory '/goinfre/beddinao/emscripten-ready/smoke-simulation/assets/SDL3/build/CMakeFiles/CMakeTmp'
gmake: *** [Makefile:127: cmTC_45ab5/fast] Error 2


Source file was:

#include <spawn.h>
#include <unistd.h>

int main(void)
{
    int pipes[2];
    int pid;

    const char * args[] = {
      "/bin/false",
      NULL
    };

    const char * env[] = { NULL };

    pipe(pipes);

    posix_spawnattr_t attr;
    posix_spawn_file_actions_t fa;

    posix_spawnattr_init(&attr);
    posix_spawn_file_actions_init(&fa);

    posix_spawn_file_actions_addclose(&fa, pipes[0]);
    posix_spawn_file_actions_adddup2(&fa, pipes[1], STDOUT_FILENO);

    posix_spawn(&pid, args[0], &fa, &attr, (char * const *) args, (char * const *) env);
    posix_spawnp(&pid, args[0], &fa, &attr, (char * const *) args, (char * const *) env);

    posix_spawn_file_actions_destroy(&fa);
    posix_spawnattr_destroy(&attr);

    return 0;
}

