The target system is: Emscripten - 1 - x86
The host system is: Linux - 5.15.0-157-generic - x86_64
Performing C SOURCE FILE Test COMPILER_SUPPORTS_FCOLOR_DIAGNOSTICS succeeded with the following output:
Change Dir: /goinfre/beddinao/emscripten-ready/smoke-simulation/assets/SDL3/build/CMakeFiles/CMakeTmp

Run Build Command(s):/usr/bin/gmake -f Makefile cmTC_cfb3e/fast && /usr/bin/gmake  -f CMakeFiles/cmTC_cfb3e.dir/build.make CMakeFiles/cmTC_cfb3e.dir/build
gmake[1]: Entering directory '/goinfre/beddinao/emscripten-ready/smoke-simulation/assets/SDL3/build/CMakeFiles/CMakeTmp'
Building C object CMakeFiles/cmTC_cfb3e.dir/src.c.o
/goinfre/beddinao/emscripten-ready/emsdk/upstream/emscripten/emcc -DCOMPILER_SUPPORTS_FCOLOR_DIAGNOSTICS  -D_GNU_SOURCE=1   -fcolor-diagnostics -MD -MT CMakeFiles/cmTC_cfb3e.dir/src.c.o -MF CMakeFiles/cmTC_cfb3e.dir/src.c.o.d -o CMakeFiles/cmTC_cfb3e.dir/src.c.o -c /goinfre/beddinao/emscripten-ready/smoke-simulation/assets/SDL3/build/CMakeFiles/CMakeTmp/src.c
Linking C executable cmTC_cfb3e.js
/usr/bin/cmake -E cmake_link_script CMakeFiles/cmTC_cfb3e.dir/link.txt --verbose=1
/goinfre/beddinao/emscripten-ready/emsdk/upstream/emscripten/emcc   -D_GNU_SOURCE=1 @CMakeFiles/cmTC_cfb3e.dir/objects1.rsp -o cmTC_cfb3e.js 
gmake[1]: Leaving directory '/goinfre/beddinao/emscripten-ready/smoke-simulation/assets/SDL3/build/CMakeFiles/CMakeTmp'


Source file was:
int main(void) { return 0; }
Determining if the fdatasync exist passed with the following output:
Change Dir: /goinfre/beddinao/emscripten-ready/smoke-simulation/assets/SDL3/build/CMakeFiles/CMakeTmp

Run Build Command(s):/usr/bin/gmake -f Makefile cmTC_ee85b/fast && /usr/bin/gmake  -f CMakeFiles/cmTC_ee85b.dir/build.make CMakeFiles/cmTC_ee85b.dir/build
gmake[1]: Entering directory '/goinfre/beddinao/emscripten-ready/smoke-simulation/assets/SDL3/build/CMakeFiles/CMakeTmp'
Building C object CMakeFiles/cmTC_ee85b.dir/CheckSymbolExists.c.o
/goinfre/beddinao/emscripten-ready/emsdk/upstream/emscripten/emcc   -D_GNU_SOURCE=1 -MD -MT CMakeFiles/cmTC_ee85b.dir/CheckSymbolExists.c.o -MF CMakeFiles/cmTC_ee85b.dir/CheckSymbolExists.c.o.d -o CMakeFiles/cmTC_ee85b.dir/CheckSymbolExists.c.o -c /goinfre/beddinao/emscripten-ready/smoke-simulation/assets/SDL3/build/CMakeFiles/CMakeTmp/CheckSymbolExists.c
Linking C executable cmTC_ee85b.js
/usr/bin/cmake -E cmake_link_script CMakeFiles/cmTC_ee85b.dir/link.txt --verbose=1
/goinfre/beddinao/emscripten-ready/emsdk/upstream/emscripten/emcc   -D_GNU_SOURCE=1 @CMakeFiles/cmTC_ee85b.dir/objects1.rsp -o cmTC_ee85b.js 
gmake[1]: Leaving directory '/goinfre/beddinao/emscripten-ready/smoke-simulation/assets/SDL3/build/CMakeFiles/CMakeTmp'


File /goinfre/beddinao/emscripten-ready/smoke-simulation/assets/SDL3/build/CMakeFiles/CMakeTmp/CheckSymbolExists.c:
/* */
#include <unistd.h>

int main(int argc, char** argv)
{
  (void)argv;
#ifndef fdatasync
  return ((int*)(&fdatasync))[argc];
#else
  (void)argc;
  return 0;
#endif
}
Determining if the gethostname exist passed with the following output:
Change Dir: /goinfre/beddinao/emscripten-ready/smoke-simulation/assets/SDL3/build/CMakeFiles/CMakeTmp

Run Build Command(s):/usr/bin/gmake -f Makefile cmTC_b294a/fast && /usr/bin/gmake  -f CMakeFiles/cmTC_b294a.dir/build.make CMakeFiles/cmTC_b294a.dir/build
gmake[1]: Entering directory '/goinfre/beddinao/emscripten-ready/smoke-simulation/assets/SDL3/build/CMakeFiles/CMakeTmp'
Building C object CMakeFiles/cmTC_b294a.dir/CheckSymbolExists.c.o
/goinfre/beddinao/emscripten-ready/emsdk/upstream/emscripten/emcc   -D_GNU_SOURCE=1 -MD -MT CMakeFiles/cmTC_b294a.dir/CheckSymbolExists.c.o -MF CMakeFiles/cmTC_b294a.dir/CheckSymbolExists.c.o.d -o CMakeFiles/cmTC_b294a.dir/CheckSymbolExists.c.o -c /goinfre/beddinao/emscripten-ready/smoke-simulation/assets/SDL3/build/CMakeFiles/CMakeTmp/CheckSymbolExists.c
Linking C executable cmTC_b294a.js
/usr/bin/cmake -E cmake_link_script CMakeFiles/cmTC_b294a.dir/link.txt --verbose=1
/goinfre/beddinao/emscripten-ready/emsdk/upstream/emscripten/emcc   -D_GNU_SOURCE=1 @CMakeFiles/cmTC_b294a.dir/objects1.rsp -o cmTC_b294a.js 
gmake[1]: Leaving directory '/goinfre/beddinao/emscripten-ready/smoke-simulation/assets/SDL3/build/CMakeFiles/CMakeTmp'


File /goinfre/beddinao/emscripten-ready/smoke-simulation/assets/SDL3/build/CMakeFiles/CMakeTmp/CheckSymbolExists.c:
/* */
#include <unistd.h>

int main(int argc, char** argv)
{
  (void)argv;
#ifndef gethostname
  return ((int*)(&gethostname))[argc];
#else
  (void)argc;
  return 0;
#endif
}
Determining if the sigtimedwait exist passed with the following output:
Change Dir: /goinfre/beddinao/emscripten-ready/smoke-simulation/assets/SDL3/build/CMakeFiles/CMakeTmp

Run Build Command(s):/usr/bin/gmake -f Makefile cmTC_466a6/fast && /usr/bin/gmake  -f CMakeFiles/cmTC_466a6.dir/build.make CMakeFiles/cmTC_466a6.dir/build
gmake[1]: Entering directory '/goinfre/beddinao/emscripten-ready/smoke-simulation/assets/SDL3/build/CMakeFiles/CMakeTmp'
Building C object CMakeFiles/cmTC_466a6.dir/CheckSymbolExists.c.o
/goinfre/beddinao/emscripten-ready/emsdk/upstream/emscripten/emcc   -D_GNU_SOURCE=1 -MD -MT CMakeFiles/cmTC_466a6.dir/CheckSymbolExists.c.o -MF CMakeFiles/cmTC_466a6.dir/CheckSymbolExists.c.o.d -o CMakeFiles/cmTC_466a6.dir/CheckSymbolExists.c.o -c /goinfre/beddinao/emscripten-ready/smoke-simulation/assets/SDL3/build/CMakeFiles/CMakeTmp/CheckSymbolExists.c
Linking C executable cmTC_466a6.js
/usr/bin/cmake -E cmake_link_script CMakeFiles/cmTC_466a6.dir/link.txt --verbose=1
/goinfre/beddinao/emscripten-ready/emsdk/upstream/emscripten/emcc   -D_GNU_SOURCE=1 @CMakeFiles/cmTC_466a6.dir/objects1.rsp -o cmTC_466a6.js 
gmake[1]: Leaving directory '/goinfre/beddinao/emscripten-ready/smoke-simulation/assets/SDL3/build/CMakeFiles/CMakeTmp'


File /goinfre/beddinao/emscripten-ready/smoke-simulation/assets/SDL3/build/CMakeFiles/CMakeTmp/CheckSymbolExists.c:
/* */
#include <signal.h>

int main(int argc, char** argv)
{
  (void)argv;
#ifndef sigtimedwait
  return ((int*)(&sigtimedwait))[argc];
#else
  (void)argc;
  return 0;
#endif
}
